2019-03-17 22:26:31.977  INFO 16056 --- [main] com.uniovi.SdiEntrega1702709Application  : Starting SdiEntrega1702709Application on LAPTOP-T62318DD with PID 16056 (C:\Users\woest\git\sdi-entrega1-702-709\target\classes started by woest in C:\Users\woest\git\sdi-entrega1-702-709)
2019-03-17 22:26:31.991  INFO 16056 --- [main] com.uniovi.SdiEntrega1702709Application  : No active profile set, falling back to default profiles: default
2019-03-17 22:26:35.765  INFO 16056 --- [main] .s.d.r.c.RepositoryConfigurationDelegate : Bootstrapping Spring Data repositories in DEFAULT mode.
2019-03-17 22:26:36.009  INFO 16056 --- [main] .s.d.r.c.RepositoryConfigurationDelegate : Finished Spring Data repository scanning in 213ms. Found 4 repository interfaces.
2019-03-17 22:26:37.270  INFO 16056 --- [main] trationDelegate$BeanPostProcessorChecker : Bean 'org.springframework.transaction.annotation.ProxyTransactionManagementConfiguration' of type [org.springframework.transaction.annotation.ProxyTransactionManagementConfiguration$$EnhancerBySpringCGLIB$$251a9002] is not eligible for getting processed by all BeanPostProcessors (for example: not eligible for auto-proxying)
2019-03-17 22:26:38.951  INFO 16056 --- [main] o.s.b.w.embedded.tomcat.TomcatWebServer  : Tomcat initialized with port(s): 8080 (http)
2019-03-17 22:26:39.035  INFO 16056 --- [main] o.apache.catalina.core.StandardService   : Starting service [Tomcat]
2019-03-17 22:26:39.036  INFO 16056 --- [main] org.apache.catalina.core.StandardEngine  : Starting Servlet engine: [Apache Tomcat/9.0.16]
2019-03-17 22:26:39.061  INFO 16056 --- [main] o.a.catalina.core.AprLifecycleListener   : The APR based Apache Tomcat Native library which allows optimal performance in production environments was not found on the java.library.path: [C:\Program Files\Java\jre1.8.0_144\bin;C:\WINDOWS\Sun\Java\bin;C:\WINDOWS\system32;C:\WINDOWS;C:/Program Files/Java/jre1.8.0_144/bin/server;C:/Program Files/Java/jre1.8.0_144/bin;C:/Program Files/Java/jre1.8.0_144/lib/amd64;C:\ProgramData\Oracle\Java\javapath;C:\WINDOWS\system32;C:\WINDOWS;C:\WINDOWS\System32\Wbem;C:\WINDOWS\System32\WindowsPowerShell\v1.0\;C:\Program Files (x86)\Common Files\lenovo\easyplussdk\bin;C:\Program Files\PuTTY\;C:\Program Files\dotnet\;C:\WINDOWS\System32\OpenSSH\;C:\Program Files\Microsoft SQL Server\130\Tools\Binn\;C:\Program Files (x86)\Bitvise SSH Client;C:\Program Files\Git\cmd;C:\Program Files\nodejs\;c:\jruby-9.2.6.0\bin;C:\Users\woest\AppData\Local\Microsoft\WindowsApps;C:\Program Files (x86)\Java\jdk1.8.0_121\bin;C:\Users\woest\AppData\Roaming\npm;C:\WINDOWS\system32;;.]
2019-03-17 22:26:39.442  INFO 16056 --- [main] o.a.c.c.C.[Tomcat].[localhost].[/]       : Initializing Spring embedded WebApplicationContext
2019-03-17 22:26:40.231  INFO 16056 --- [main] com.zaxxer.hikari.HikariDataSource       : HikariPool-1 - Starting...
2019-03-17 22:26:40.242  WARN 16056 --- [main] com.zaxxer.hikari.util.DriverDataSource  : Registered driver with driverClassName=org.hsqldb.jdbcDriver was not found, trying direct instantiation.
2019-03-17 22:26:40.533  INFO 16056 --- [main] com.zaxxer.hikari.pool.PoolBase          : HikariPool-1 - Driver does not support get/set network timeout for connections. (característica no soportada)
2019-03-17 22:26:40.560  INFO 16056 --- [main] com.zaxxer.hikari.HikariDataSource       : HikariPool-1 - Start completed.
2019-03-17 22:26:44.078  INFO 16056 --- [main] j.LocalContainerEntityManagerFactoryBean : Initialized JPA EntityManagerFactory for persistence unit 'default'
2019-03-17 22:26:49.347  INFO 16056 --- [main] o.s.s.web.DefaultSecurityFilterChain     : Creating filter chain: any request, [org.springframework.security.web.context.request.async.WebAsyncManagerIntegrationFilter@136fece2, org.springframework.security.web.context.SecurityContextPersistenceFilter@7d90644f, org.springframework.security.web.header.HeaderWriterFilter@3fc1abf, org.springframework.security.web.authentication.logout.LogoutFilter@d1f23a0, org.springframework.security.web.authentication.UsernamePasswordAuthenticationFilter@238ad211, org.springframework.security.web.savedrequest.RequestCacheAwareFilter@59f3426f, org.springframework.security.web.servletapi.SecurityContextHolderAwareRequestFilter@2c668c2a, org.springframework.security.web.authentication.AnonymousAuthenticationFilter@56478522, org.springframework.security.web.session.SessionManagementFilter@e7b0bec, org.springframework.security.web.access.ExceptionTranslationFilter@70b196d3, org.springframework.security.web.access.intercept.FilterSecurityInterceptor@631944d4]
2019-03-17 22:26:49.910  INFO 16056 --- [main] o.s.s.concurrent.ThreadPoolTaskExecutor  : Initializing ExecutorService 'applicationTaskExecutor'
2019-03-17 22:26:50.048  WARN 16056 --- [main] aWebConfiguration$JpaWebMvcConfiguration : spring.jpa.open-in-view is enabled by default. Therefore, database queries may be performed during view rendering. Explicitly configure spring.jpa.open-in-view to disable this warning
2019-03-17 22:26:50.292  WARN 16056 --- [main] org.thymeleaf.templatemode.TemplateMode  : [THYMELEAF][main] Template Mode 'LEGACYHTML5' is deprecated. Using Template Mode 'HTML' instead.
2019-03-17 22:26:50.375  INFO 16056 --- [main] o.s.b.a.w.s.WelcomePageHandlerMapping    : Adding welcome page template: index
2019-03-17 22:26:50.845  INFO 16056 --- [main] o.s.b.w.embedded.tomcat.TomcatWebServer  : Tomcat started on port(s): 8080 (http) with context path ''
2019-03-17 22:26:50.852  INFO 16056 --- [main] com.uniovi.SdiEntrega1702709Application  : Started SdiEntrega1702709Application in 20.118 seconds (JVM running for 22.485)
2019-03-17 22:27:00.111  INFO 16056 --- [http-nio-8080-exec-1] o.a.c.c.C.[Tomcat].[localhost].[/]       : Initializing Spring DispatcherServlet 'dispatcherServlet'
2019-03-17 22:29:29.276  INFO 9476 --- [main] com.uniovi.SdiEntrega1702709Application  : Starting SdiEntrega1702709Application on LAPTOP-T62318DD with PID 9476 (C:\Users\woest\git\sdi-entrega1-702-709\target\classes started by woest in C:\Users\woest\git\sdi-entrega1-702-709)
2019-03-17 22:29:29.283  INFO 9476 --- [main] com.uniovi.SdiEntrega1702709Application  : No active profile set, falling back to default profiles: default
2019-03-17 22:29:32.522  INFO 9476 --- [main] .s.d.r.c.RepositoryConfigurationDelegate : Bootstrapping Spring Data repositories in DEFAULT mode.
2019-03-17 22:29:32.731  INFO 9476 --- [main] .s.d.r.c.RepositoryConfigurationDelegate : Finished Spring Data repository scanning in 180ms. Found 4 repository interfaces.
2019-03-17 22:29:34.004  INFO 9476 --- [main] trationDelegate$BeanPostProcessorChecker : Bean 'org.springframework.transaction.annotation.ProxyTransactionManagementConfiguration' of type [org.springframework.transaction.annotation.ProxyTransactionManagementConfiguration$$EnhancerBySpringCGLIB$$749846f7] is not eligible for getting processed by all BeanPostProcessors (for example: not eligible for auto-proxying)
2019-03-17 22:29:35.970  INFO 9476 --- [main] o.s.b.w.embedded.tomcat.TomcatWebServer  : Tomcat initialized with port(s): 8080 (http)
2019-03-17 22:29:36.111  INFO 9476 --- [main] o.apache.catalina.core.StandardService   : Starting service [Tomcat]
2019-03-17 22:29:36.112  INFO 9476 --- [main] org.apache.catalina.core.StandardEngine  : Starting Servlet engine: [Apache Tomcat/9.0.16]
2019-03-17 22:29:36.137  INFO 9476 --- [main] o.a.catalina.core.AprLifecycleListener   : The APR based Apache Tomcat Native library which allows optimal performance in production environments was not found on the java.library.path: [C:\Program Files\Java\jre1.8.0_144\bin;C:\WINDOWS\Sun\Java\bin;C:\WINDOWS\system32;C:\WINDOWS;C:/Program Files/Java/jre1.8.0_144/bin/server;C:/Program Files/Java/jre1.8.0_144/bin;C:/Program Files/Java/jre1.8.0_144/lib/amd64;C:\ProgramData\Oracle\Java\javapath;C:\WINDOWS\system32;C:\WINDOWS;C:\WINDOWS\System32\Wbem;C:\WINDOWS\System32\WindowsPowerShell\v1.0\;C:\Program Files (x86)\Common Files\lenovo\easyplussdk\bin;C:\Program Files\PuTTY\;C:\Program Files\dotnet\;C:\WINDOWS\System32\OpenSSH\;C:\Program Files\Microsoft SQL Server\130\Tools\Binn\;C:\Program Files (x86)\Bitvise SSH Client;C:\Program Files\Git\cmd;C:\Program Files\nodejs\;c:\jruby-9.2.6.0\bin;C:\Users\woest\AppData\Local\Microsoft\WindowsApps;C:\Program Files (x86)\Java\jdk1.8.0_121\bin;C:\Users\woest\AppData\Roaming\npm;C:\WINDOWS\system32;;.]
2019-03-17 22:29:36.760  INFO 9476 --- [main] o.a.c.c.C.[Tomcat].[localhost].[/]       : Initializing Spring embedded WebApplicationContext
2019-03-17 22:29:37.453  INFO 9476 --- [main] com.zaxxer.hikari.HikariDataSource       : HikariPool-1 - Starting...
2019-03-17 22:29:37.463  WARN 9476 --- [main] com.zaxxer.hikari.util.DriverDataSource  : Registered driver with driverClassName=org.hsqldb.jdbcDriver was not found, trying direct instantiation.
2019-03-17 22:29:39.867 ERROR 9476 --- [main] com.zaxxer.hikari.pool.HikariPool        : HikariPool-1 - Exception during pool initialization.

java.sql.SQLTransientConnectionException: java.net.ConnectException: Connection refused: connect
	at org.hsqldb.jdbc.JDBCUtil.sqlException(Unknown Source) ~[hsqldb-2.4.1.jar:2.4.1]
	at org.hsqldb.jdbc.JDBCUtil.sqlException(Unknown Source) ~[hsqldb-2.4.1.jar:2.4.1]
	at org.hsqldb.jdbc.JDBCConnection.<init>(Unknown Source) ~[hsqldb-2.4.1.jar:2.4.1]
	at org.hsqldb.jdbc.JDBCDriver$1.run(Unknown Source) ~[hsqldb-2.4.1.jar:2.4.1]
Caused by: org.hsqldb.HsqlException: java.net.ConnectException: Connection refused: connect
	at org.hsqldb.ClientConnection.openConnection(Unknown Source) ~[hsqldb-2.4.1.jar:2.4.1]
	at org.hsqldb.ClientConnection.initConnection(Unknown Source) ~[hsqldb-2.4.1.jar:2.4.1]
	at org.hsqldb.ClientConnection.<init>(Unknown Source) ~[hsqldb-2.4.1.jar:2.4.1]
	... 2 common frames omitted
Caused by: java.net.ConnectException: Connection refused: connect
	at java.net.DualStackPlainSocketImpl.connect0(Native Method) ~[na:1.8.0_144]
	at java.net.DualStackPlainSocketImpl.socketConnect(Unknown Source) ~[na:1.8.0_144]
	at java.net.AbstractPlainSocketImpl.doConnect(Unknown Source) ~[na:1.8.0_144]
	at java.net.AbstractPlainSocketImpl.connectToAddress(Unknown Source) ~[na:1.8.0_144]
	at java.net.AbstractPlainSocketImpl.connect(Unknown Source) ~[na:1.8.0_144]
	at java.net.PlainSocketImpl.connect(Unknown Source) ~[na:1.8.0_144]
	at java.net.SocksSocketImpl.connect(Unknown Source) ~[na:1.8.0_144]
	at java.net.Socket.connect(Unknown Source) ~[na:1.8.0_144]
	at java.net.Socket.connect(Unknown Source) ~[na:1.8.0_144]
	at java.net.Socket.<init>(Unknown Source) ~[na:1.8.0_144]
	at java.net.Socket.<init>(Unknown Source) ~[na:1.8.0_144]
	at org.hsqldb.server.HsqlSocketFactory.createSocket(Unknown Source) ~[hsqldb-2.4.1.jar:2.4.1]
	... 5 common frames omitted

2019-03-17 22:29:39.877  WARN 9476 --- [main] o.s.b.a.orm.jpa.DatabaseLookup           : Unable to determine jdbc url from datasource

org.springframework.jdbc.support.MetaDataAccessException: Could not get Connection for extracting meta-data; nested exception is org.springframework.jdbc.CannotGetJdbcConnectionException: Failed to obtain JDBC Connection; nested exception is java.sql.SQLTransientConnectionException: java.net.ConnectException: Connection refused: connect
	at org.springframework.jdbc.support.JdbcUtils.extractDatabaseMetaData(JdbcUtils.java:328) ~[spring-jdbc-5.1.5.RELEASE.jar:5.1.5.RELEASE]
	at org.springframework.jdbc.support.JdbcUtils.extractDatabaseMetaData(JdbcUtils.java:356) ~[spring-jdbc-5.1.5.RELEASE.jar:5.1.5.RELEASE]
	at org.springframework.boot.autoconfigure.orm.jpa.DatabaseLookup.getDatabase(DatabaseLookup.java:73) ~[spring-boot-autoconfigure-2.1.3.RELEASE.jar:2.1.3.RELEASE]
	at org.springframework.boot.autoconfigure.orm.jpa.JpaProperties.determineDatabase(JpaProperties.java:142) [spring-boot-autoconfigure-2.1.3.RELEASE.jar:2.1.3.RELEASE]
	at org.springframework.boot.autoconfigure.orm.jpa.JpaBaseConfiguration.jpaVendorAdapter(JpaBaseConfiguration.java:113) [spring-boot-autoconfigure-2.1.3.RELEASE.jar:2.1.3.RELEASE]
	at org.springframework.boot.autoconfigure.orm.jpa.HibernateJpaConfiguration$$EnhancerBySpringCGLIB$$936f0966.CGLIB$jpaVendorAdapter$5(<generated>) [spring-boot-autoconfigure-2.1.3.RELEASE.jar:2.1.3.RELEASE]
	at org.springframework.boot.autoconfigure.orm.jpa.HibernateJpaConfiguration$$EnhancerBySpringCGLIB$$936f0966$$FastClassBySpringCGLIB$$8b399ec2.invoke(<generated>) [spring-boot-autoconfigure-2.1.3.RELEASE.jar:2.1.3.RELEASE]
	at org.springframework.cglib.proxy.MethodProxy.invokeSuper(MethodProxy.java:244) [spring-core-5.1.5.RELEASE.jar:5.1.5.RELEASE]
	at org.springframework.context.annotation.ConfigurationClassEnhancer$BeanMethodInterceptor.intercept(ConfigurationClassEnhancer.java:363) [spring-context-5.1.5.RELEASE.jar:5.1.5.RELEASE]
	at org.springframework.boot.autoconfigure.orm.jpa.HibernateJpaConfiguration$$EnhancerBySpringCGLIB$$936f0966.jpaVendorAdapter(<generated>) [spring-boot-autoconfigure-2.1.3.RELEASE.jar:2.1.3.RELEASE]
	at sun.reflect.NativeMethodAccessorImpl.invoke0(Native Method) ~[na:1.8.0_144]
	at sun.reflect.NativeMethodAccessorImpl.invoke(Unknown Source) ~[na:1.8.0_144]
	at sun.reflect.DelegatingMethodAccessorImpl.invoke(Unknown Source) ~[na:1.8.0_144]
	at java.lang.reflect.Method.invoke(Unknown Source) ~[na:1.8.0_144]
	at org.springframework.beans.factory.support.SimpleInstantiationStrategy.instantiate(SimpleInstantiationStrategy.java:154) [spring-beans-5.1.5.RELEASE.jar:5.1.5.RELEASE]
	at org.springframework.beans.factory.support.ConstructorResolver.instantiate(ConstructorResolver.java:622) [spring-beans-5.1.5.RELEASE.jar:5.1.5.RELEASE]
	at org.springframework.beans.factory.support.ConstructorResolver.instantiateUsingFactoryMethod(ConstructorResolver.java:456) [spring-beans-5.1.5.RELEASE.jar:5.1.5.RELEASE]
	at org.springframework.beans.factory.support.AbstractAutowireCapableBeanFactory.instantiateUsingFactoryMethod(AbstractAutowireCapableBeanFactory.java:1305) [spring-beans-5.1.5.RELEASE.jar:5.1.5.RELEASE]
	at org.springframework.beans.factory.support.AbstractAutowireCapableBeanFactory.createBeanInstance(AbstractAutowireCapableBeanFactory.java:1144) [spring-beans-5.1.5.RELEASE.jar:5.1.5.RELEASE]
	at org.springframework.beans.factory.support.AbstractAutowireCapableBeanFactory.doCreateBean(AbstractAutowireCapableBeanFactory.java:555) [spring-beans-5.1.5.RELEASE.jar:5.1.5.RELEASE]
	at org.springframework.beans.factory.support.AbstractAutowireCapableBeanFactory.createBean(AbstractAutowireCapableBeanFactory.java:515) [spring-beans-5.1.5.RELEASE.jar:5.1.5.RELEASE]
	at org.springframework.beans.factory.support.AbstractBeanFactory.lambda$doGetBean$0(AbstractBeanFactory.java:320) [spring-beans-5.1.5.RELEASE.jar:5.1.5.RELEASE]
	at org.springframework.beans.factory.support.DefaultSingletonBeanRegistry.getSingleton(DefaultSingletonBeanRegistry.java:222) ~[spring-beans-5.1.5.RELEASE.jar:5.1.5.RELEASE]
	at org.springframework.beans.factory.support.AbstractBeanFactory.doGetBean(AbstractBeanFactory.java:318) [spring-beans-5.1.5.RELEASE.jar:5.1.5.RELEASE]
	at org.springframework.beans.factory.support.AbstractBeanFactory.getBean(AbstractBeanFactory.java:199) [spring-beans-5.1.5.RELEASE.jar:5.1.5.RELEASE]
	at org.springframework.beans.factory.config.DependencyDescriptor.resolveCandidate(DependencyDescriptor.java:277) ~[spring-beans-5.1.5.RELEASE.jar:5.1.5.RELEASE]
	at org.springframework.beans.factory.support.DefaultListableBeanFactory.doResolveDependency(DefaultListableBeanFactory.java:1247) ~[spring-beans-5.1.5.RELEASE.jar:5.1.5.RELEASE]
	at org.springframework.beans.factory.support.DefaultListableBeanFactory.resolveDependency(DefaultListableBeanFactory.java:1167) ~[spring-beans-5.1.5.RELEASE.jar:5.1.5.RELEASE]
	at org.springframework.beans.factory.support.ConstructorResolver.resolveAutowiredArgument(ConstructorResolver.java:857) [spring-beans-5.1.5.RELEASE.jar:5.1.5.RELEASE]
	at org.springframework.beans.factory.support.ConstructorResolver.createArgumentArray(ConstructorResolver.java:760) [spring-beans-5.1.5.RELEASE.jar:5.1.5.RELEASE]
	at org.springframework.beans.factory.support.ConstructorResolver.instantiateUsingFactoryMethod(ConstructorResolver.java:509) [spring-beans-5.1.5.RELEASE.jar:5.1.5.RELEASE]
	at org.springframework.beans.factory.support.AbstractAutowireCapableBeanFactory.instantiateUsingFactoryMethod(AbstractAutowireCapableBeanFactory.java:1305) [spring-beans-5.1.5.RELEASE.jar:5.1.5.RELEASE]
	at org.springframework.beans.factory.support.AbstractAutowireCapableBeanFactory.createBeanInstance(AbstractAutowireCapableBeanFactory.java:1144) [spring-beans-5.1.5.RELEASE.jar:5.1.5.RELEASE]
	at org.springframework.beans.factory.support.AbstractAutowireCapableBeanFactory.doCreateBean(AbstractAutowireCapableBeanFactory.java:555) [spring-beans-5.1.5.RELEASE.jar:5.1.5.RELEASE]
	at org.springframework.beans.factory.support.AbstractAutowireCapableBeanFactory.createBean(AbstractAutowireCapableBeanFactory.java:515) [spring-beans-5.1.5.RELEASE.jar:5.1.5.RELEASE]
	at org.springframework.beans.factory.support.AbstractBeanFactory.lambda$doGetBean$0(AbstractBeanFactory.java:320) [spring-beans-5.1.5.RELEASE.jar:5.1.5.RELEASE]
	at org.springframework.beans.factory.support.DefaultSingletonBeanRegistry.getSingleton(DefaultSingletonBeanRegistry.java:222) ~[spring-beans-5.1.5.RELEASE.jar:5.1.5.RELEASE]
	at org.springframework.beans.factory.support.AbstractBeanFactory.doGetBean(AbstractBeanFactory.java:318) [spring-beans-5.1.5.RELEASE.jar:5.1.5.RELEASE]
	at org.springframework.beans.factory.support.AbstractBeanFactory.getBean(AbstractBeanFactory.java:199) [spring-beans-5.1.5.RELEASE.jar:5.1.5.RELEASE]
	at org.springframework.beans.factory.config.DependencyDescriptor.resolveCandidate(DependencyDescriptor.java:277) ~[spring-beans-5.1.5.RELEASE.jar:5.1.5.RELEASE]
	at org.springframework.beans.factory.support.DefaultListableBeanFactory.doResolveDependency(DefaultListableBeanFactory.java:1247) ~[spring-beans-5.1.5.RELEASE.jar:5.1.5.RELEASE]
	at org.springframework.beans.factory.support.DefaultListableBeanFactory.resolveDependency(DefaultListableBeanFactory.java:1167) ~[spring-beans-5.1.5.RELEASE.jar:5.1.5.RELEASE]
	at org.springframework.beans.factory.support.ConstructorResolver.resolveAutowiredArgument(ConstructorResolver.java:857) [spring-beans-5.1.5.RELEASE.jar:5.1.5.RELEASE]
	at org.springframework.beans.factory.support.ConstructorResolver.createArgumentArray(ConstructorResolver.java:760) [spring-beans-5.1.5.RELEASE.jar:5.1.5.RELEASE]
	at org.springframework.beans.factory.support.ConstructorResolver.instantiateUsingFactoryMethod(ConstructorResolver.java:509) [spring-beans-5.1.5.RELEASE.jar:5.1.5.RELEASE]
	at org.springframework.beans.factory.support.AbstractAutowireCapableBeanFactory.instantiateUsingFactoryMethod(AbstractAutowireCapableBeanFactory.java:1305) [spring-beans-5.1.5.RELEASE.jar:5.1.5.RELEASE]
	at org.springframework.beans.factory.support.AbstractAutowireCapableBeanFactory.createBeanInstance(AbstractAutowireCapableBeanFactory.java:1144) [spring-beans-5.1.5.RELEASE.jar:5.1.5.RELEASE]
	at org.springframework.beans.factory.support.AbstractAutowireCapableBeanFactory.doCreateBean(AbstractAutowireCapableBeanFactory.java:555) [spring-beans-5.1.5.RELEASE.jar:5.1.5.RELEASE]
	at org.springframework.beans.factory.support.AbstractAutowireCapableBeanFactory.createBean(AbstractAutowireCapableBeanFactory.java:515) [spring-beans-5.1.5.RELEASE.jar:5.1.5.RELEASE]
	at org.springframework.beans.factory.support.AbstractBeanFactory.lambda$doGetBean$0(AbstractBeanFactory.java:320) [spring-beans-5.1.5.RELEASE.jar:5.1.5.RELEASE]
	at org.springframework.beans.factory.support.DefaultSingletonBeanRegistry.getSingleton(DefaultSingletonBeanRegistry.java:222) ~[spring-beans-5.1.5.RELEASE.jar:5.1.5.RELEASE]
	at org.springframework.beans.factory.support.AbstractBeanFactory.doGetBean(AbstractBeanFactory.java:318) [spring-beans-5.1.5.RELEASE.jar:5.1.5.RELEASE]
	at org.springframework.beans.factory.support.AbstractBeanFactory.getBean(AbstractBeanFactory.java:199) [spring-beans-5.1.5.RELEASE.jar:5.1.5.RELEASE]
	at org.springframework.context.support.AbstractApplicationContext.getBean(AbstractApplicationContext.java:1105) ~[spring-context-5.1.5.RELEASE.jar:5.1.5.RELEASE]
	at org.springframework.context.support.AbstractApplicationContext.finishBeanFactoryInitialization(AbstractApplicationContext.java:867) ~[spring-context-5.1.5.RELEASE.jar:5.1.5.RELEASE]
	at org.springframework.context.support.AbstractApplicationContext.refresh(AbstractApplicationContext.java:549) ~[spring-context-5.1.5.RELEASE.jar:5.1.5.RELEASE]
	at org.springframework.boot.web.servlet.context.ServletWebServerApplicationContext.refresh(ServletWebServerApplicationContext.java:142) ~[spring-boot-2.1.3.RELEASE.jar:2.1.3.RELEASE]
	at org.springframework.boot.SpringApplication.refresh(SpringApplication.java:775) ~[spring-boot-2.1.3.RELEASE.jar:2.1.3.RELEASE]
	at org.springframework.boot.SpringApplication.refreshContext(SpringApplication.java:397) ~[spring-boot-2.1.3.RELEASE.jar:2.1.3.RELEASE]
	at org.springframework.boot.SpringApplication.run(SpringApplication.java:316) ~[spring-boot-2.1.3.RELEASE.jar:2.1.3.RELEASE]
	at org.springframework.boot.SpringApplication.run(SpringApplication.java:1260) ~[spring-boot-2.1.3.RELEASE.jar:2.1.3.RELEASE]
	at org.springframework.boot.SpringApplication.run(SpringApplication.java:1248) ~[spring-boot-2.1.3.RELEASE.jar:2.1.3.RELEASE]
	at com.uniovi.SdiEntrega1702709Application.main(SdiEntrega1702709Application.java:10) ~[classes/:na]
Caused by: org.springframework.jdbc.CannotGetJdbcConnectionException: Failed to obtain JDBC Connection; nested exception is java.sql.SQLTransientConnectionException: java.net.ConnectException: Connection refused: connect
	at org.springframework.jdbc.datasource.DataSourceUtils.getConnection(DataSourceUtils.java:81) ~[spring-jdbc-5.1.5.RELEASE.jar:5.1.5.RELEASE]
	at org.springframework.jdbc.support.JdbcUtils.extractDatabaseMetaData(JdbcUtils.java:319) ~[spring-jdbc-5.1.5.RELEASE.jar:5.1.5.RELEASE]
	... 62 common frames omitted
Caused by: java.sql.SQLTransientConnectionException: java.net.ConnectException: Connection refused: connect
	at org.hsqldb.jdbc.JDBCUtil.sqlException(Unknown Source) ~[hsqldb-2.4.1.jar:2.4.1]
	at org.hsqldb.jdbc.JDBCUtil.sqlException(Unknown Source) ~[hsqldb-2.4.1.jar:2.4.1]
	at org.hsqldb.jdbc.JDBCConnection.<init>(Unknown Source) ~[hsqldb-2.4.1.jar:2.4.1]
	at org.hsqldb.jdbc.JDBCDriver$1.run(Unknown Source) ~[hsqldb-2.4.1.jar:2.4.1]
Caused by: org.hsqldb.HsqlException: java.net.ConnectException: Connection refused: connect
	at org.hsqldb.ClientConnection.openConnection(Unknown Source) ~[hsqldb-2.4.1.jar:2.4.1]
	at org.hsqldb.ClientConnection.initConnection(Unknown Source) ~[hsqldb-2.4.1.jar:2.4.1]
	at org.hsqldb.ClientConnection.<init>(Unknown Source) ~[hsqldb-2.4.1.jar:2.4.1]
	... 2 common frames omitted
Caused by: java.net.ConnectException: Connection refused: connect
	at java.net.DualStackPlainSocketImpl.connect0(Native Method) ~[na:1.8.0_144]
	at java.net.DualStackPlainSocketImpl.socketConnect(Unknown Source) ~[na:1.8.0_144]
	at java.net.AbstractPlainSocketImpl.doConnect(Unknown Source) ~[na:1.8.0_144]
	at java.net.AbstractPlainSocketImpl.connectToAddress(Unknown Source) ~[na:1.8.0_144]
	at java.net.AbstractPlainSocketImpl.connect(Unknown Source) ~[na:1.8.0_144]
	at java.net.PlainSocketImpl.connect(Unknown Source) ~[na:1.8.0_144]
	at java.net.SocksSocketImpl.connect(Unknown Source) ~[na:1.8.0_144]
	at java.net.Socket.connect(Unknown Source) ~[na:1.8.0_144]
	at java.net.Socket.connect(Unknown Source) ~[na:1.8.0_144]
	at java.net.Socket.<init>(Unknown Source) ~[na:1.8.0_144]
	at java.net.Socket.<init>(Unknown Source) ~[na:1.8.0_144]
	at org.hsqldb.server.HsqlSocketFactory.createSocket(Unknown Source) ~[hsqldb-2.4.1.jar:2.4.1]
	... 5 common frames omitted

2019-03-17 22:29:41.771  INFO 9476 --- [main] com.zaxxer.hikari.HikariDataSource       : HikariPool-1 - Starting...
2019-03-17 22:29:41.773  WARN 9476 --- [main] com.zaxxer.hikari.util.DriverDataSource  : Registered driver with driverClassName=org.hsqldb.jdbcDriver was not found, trying direct instantiation.
2019-03-17 22:29:43.779 ERROR 9476 --- [main] com.zaxxer.hikari.pool.HikariPool        : HikariPool-1 - Exception during pool initialization.

java.sql.SQLTransientConnectionException: java.net.ConnectException: Connection refused: connect
	at org.hsqldb.jdbc.JDBCUtil.sqlException(Unknown Source) ~[hsqldb-2.4.1.jar:2.4.1]
	at org.hsqldb.jdbc.JDBCUtil.sqlException(Unknown Source) ~[hsqldb-2.4.1.jar:2.4.1]
	at org.hsqldb.jdbc.JDBCConnection.<init>(Unknown Source) ~[hsqldb-2.4.1.jar:2.4.1]
	at org.hsqldb.jdbc.JDBCDriver$1.run(Unknown Source) ~[hsqldb-2.4.1.jar:2.4.1]
Caused by: org.hsqldb.HsqlException: java.net.ConnectException: Connection refused: connect
	at org.hsqldb.ClientConnection.openConnection(Unknown Source) ~[hsqldb-2.4.1.jar:2.4.1]
	at org.hsqldb.ClientConnection.initConnection(Unknown Source) ~[hsqldb-2.4.1.jar:2.4.1]
	at org.hsqldb.ClientConnection.<init>(Unknown Source) ~[hsqldb-2.4.1.jar:2.4.1]
	... 2 common frames omitted
Caused by: java.net.ConnectException: Connection refused: connect
	at java.net.DualStackPlainSocketImpl.connect0(Native Method) ~[na:1.8.0_144]
	at java.net.DualStackPlainSocketImpl.socketConnect(Unknown Source) ~[na:1.8.0_144]
	at java.net.AbstractPlainSocketImpl.doConnect(Unknown Source) ~[na:1.8.0_144]
	at java.net.AbstractPlainSocketImpl.connectToAddress(Unknown Source) ~[na:1.8.0_144]
	at java.net.AbstractPlainSocketImpl.connect(Unknown Source) ~[na:1.8.0_144]
	at java.net.PlainSocketImpl.connect(Unknown Source) ~[na:1.8.0_144]
	at java.net.SocksSocketImpl.connect(Unknown Source) ~[na:1.8.0_144]
	at java.net.Socket.connect(Unknown Source) ~[na:1.8.0_144]
	at java.net.Socket.connect(Unknown Source) ~[na:1.8.0_144]
	at java.net.Socket.<init>(Unknown Source) ~[na:1.8.0_144]
	at java.net.Socket.<init>(Unknown Source) ~[na:1.8.0_144]
	at org.hsqldb.server.HsqlSocketFactory.createSocket(Unknown Source) ~[hsqldb-2.4.1.jar:2.4.1]
	... 5 common frames omitted

2019-03-17 22:29:43.786  WARN 9476 --- [main] ConfigServletWebServerApplicationContext : Exception encountered during context initialization - cancelling refresh attempt: org.springframework.beans.factory.BeanCreationException: Error creating bean with name 'entityManagerFactory' defined in class path resource [org/springframework/boot/autoconfigure/orm/jpa/HibernateJpaConfiguration.class]: Invocation of init method failed; nested exception is org.hibernate.service.spi.ServiceException: Unable to create requested service [org.hibernate.engine.jdbc.env.spi.JdbcEnvironment]
2019-03-17 22:29:43.792  INFO 9476 --- [main] o.apache.catalina.core.StandardService   : Stopping service [Tomcat]
2019-03-17 22:29:43.819  INFO 9476 --- [main] ConditionEvaluationReportLoggingListener : 

Error starting ApplicationContext. To display the conditions report re-run your application with 'debug' enabled.
2019-03-17 22:29:43.824 ERROR 9476 --- [main] o.s.boot.SpringApplication               : Application run failed

org.springframework.beans.factory.BeanCreationException: Error creating bean with name 'entityManagerFactory' defined in class path resource [org/springframework/boot/autoconfigure/orm/jpa/HibernateJpaConfiguration.class]: Invocation of init method failed; nested exception is org.hibernate.service.spi.ServiceException: Unable to create requested service [org.hibernate.engine.jdbc.env.spi.JdbcEnvironment]
	at org.springframework.beans.factory.support.AbstractAutowireCapableBeanFactory.initializeBean(AbstractAutowireCapableBeanFactory.java:1762) ~[spring-beans-5.1.5.RELEASE.jar:5.1.5.RELEASE]
	at org.springframework.beans.factory.support.AbstractAutowireCapableBeanFactory.doCreateBean(AbstractAutowireCapableBeanFactory.java:593) ~[spring-beans-5.1.5.RELEASE.jar:5.1.5.RELEASE]
	at org.springframework.beans.factory.support.AbstractAutowireCapableBeanFactory.createBean(AbstractAutowireCapableBeanFactory.java:515) ~[spring-beans-5.1.5.RELEASE.jar:5.1.5.RELEASE]
	at org.springframework.beans.factory.support.AbstractBeanFactory.lambda$doGetBean$0(AbstractBeanFactory.java:320) ~[spring-beans-5.1.5.RELEASE.jar:5.1.5.RELEASE]
	at org.springframework.beans.factory.support.DefaultSingletonBeanRegistry.getSingleton(DefaultSingletonBeanRegistry.java:222) ~[spring-beans-5.1.5.RELEASE.jar:5.1.5.RELEASE]
	at org.springframework.beans.factory.support.AbstractBeanFactory.doGetBean(AbstractBeanFactory.java:318) ~[spring-beans-5.1.5.RELEASE.jar:5.1.5.RELEASE]
	at org.springframework.beans.factory.support.AbstractBeanFactory.getBean(AbstractBeanFactory.java:199) ~[spring-beans-5.1.5.RELEASE.jar:5.1.5.RELEASE]
	at org.springframework.context.support.AbstractApplicationContext.getBean(AbstractApplicationContext.java:1105) ~[spring-context-5.1.5.RELEASE.jar:5.1.5.RELEASE]
	at org.springframework.context.support.AbstractApplicationContext.finishBeanFactoryInitialization(AbstractApplicationContext.java:867) ~[spring-context-5.1.5.RELEASE.jar:5.1.5.RELEASE]
	at org.springframework.context.support.AbstractApplicationContext.refresh(AbstractApplicationContext.java:549) ~[spring-context-5.1.5.RELEASE.jar:5.1.5.RELEASE]
	at org.springframework.boot.web.servlet.context.ServletWebServerApplicationContext.refresh(ServletWebServerApplicationContext.java:142) ~[spring-boot-2.1.3.RELEASE.jar:2.1.3.RELEASE]
	at org.springframework.boot.SpringApplication.refresh(SpringApplication.java:775) [spring-boot-2.1.3.RELEASE.jar:2.1.3.RELEASE]
	at org.springframework.boot.SpringApplication.refreshContext(SpringApplication.java:397) [spring-boot-2.1.3.RELEASE.jar:2.1.3.RELEASE]
	at org.springframework.boot.SpringApplication.run(SpringApplication.java:316) [spring-boot-2.1.3.RELEASE.jar:2.1.3.RELEASE]
	at org.springframework.boot.SpringApplication.run(SpringApplication.java:1260) [spring-boot-2.1.3.RELEASE.jar:2.1.3.RELEASE]
	at org.springframework.boot.SpringApplication.run(SpringApplication.java:1248) [spring-boot-2.1.3.RELEASE.jar:2.1.3.RELEASE]
	at com.uniovi.SdiEntrega1702709Application.main(SdiEntrega1702709Application.java:10) [classes/:na]
Caused by: org.hibernate.service.spi.ServiceException: Unable to create requested service [org.hibernate.engine.jdbc.env.spi.JdbcEnvironment]
	at org.hibernate.service.internal.AbstractServiceRegistryImpl.createService(AbstractServiceRegistryImpl.java:275) ~[hibernate-core-5.3.7.Final.jar:5.3.7.Final]
	at org.hibernate.service.internal.AbstractServiceRegistryImpl.initializeService(AbstractServiceRegistryImpl.java:237) ~[hibernate-core-5.3.7.Final.jar:5.3.7.Final]
	at org.hibernate.service.internal.AbstractServiceRegistryImpl.getService(AbstractServiceRegistryImpl.java:214) ~[hibernate-core-5.3.7.Final.jar:5.3.7.Final]
	at org.hibernate.id.factory.internal.DefaultIdentifierGeneratorFactory.injectServices(DefaultIdentifierGeneratorFactory.java:152) ~[hibernate-core-5.3.7.Final.jar:5.3.7.Final]
	at org.hibernate.service.internal.AbstractServiceRegistryImpl.injectDependencies(AbstractServiceRegistryImpl.java:286) ~[hibernate-core-5.3.7.Final.jar:5.3.7.Final]
	at org.hibernate.service.internal.AbstractServiceRegistryImpl.initializeService(AbstractServiceRegistryImpl.java:243) ~[hibernate-core-5.3.7.Final.jar:5.3.7.Final]
	at org.hibernate.service.internal.AbstractServiceRegistryImpl.getService(AbstractServiceRegistryImpl.java:214) ~[hibernate-core-5.3.7.Final.jar:5.3.7.Final]
	at org.hibernate.boot.internal.InFlightMetadataCollectorImpl.<init>(InFlightMetadataCollectorImpl.java:179) ~[hibernate-core-5.3.7.Final.jar:5.3.7.Final]
	at org.hibernate.boot.model.process.spi.MetadataBuildingProcess.complete(MetadataBuildingProcess.java:119) ~[hibernate-core-5.3.7.Final.jar:5.3.7.Final]
	at org.hibernate.jpa.boot.internal.EntityManagerFactoryBuilderImpl.metadata(EntityManagerFactoryBuilderImpl.java:904) ~[hibernate-core-5.3.7.Final.jar:5.3.7.Final]
	at org.hibernate.jpa.boot.internal.EntityManagerFactoryBuilderImpl.build(EntityManagerFactoryBuilderImpl.java:935) ~[hibernate-core-5.3.7.Final.jar:5.3.7.Final]
	at org.springframework.orm.jpa.vendor.SpringHibernateJpaPersistenceProvider.createContainerEntityManagerFactory(SpringHibernateJpaPersistenceProvider.java:57) ~[spring-orm-5.1.5.RELEASE.jar:5.1.5.RELEASE]
	at org.springframework.orm.jpa.LocalContainerEntityManagerFactoryBean.createNativeEntityManagerFactory(LocalContainerEntityManagerFactoryBean.java:365) ~[spring-orm-5.1.5.RELEASE.jar:5.1.5.RELEASE]
	at org.springframework.orm.jpa.AbstractEntityManagerFactoryBean.buildNativeEntityManagerFactory(AbstractEntityManagerFactoryBean.java:390) ~[spring-orm-5.1.5.RELEASE.jar:5.1.5.RELEASE]
	at org.springframework.orm.jpa.AbstractEntityManagerFactoryBean.afterPropertiesSet(AbstractEntityManagerFactoryBean.java:377) ~[spring-orm-5.1.5.RELEASE.jar:5.1.5.RELEASE]
	at org.springframework.orm.jpa.LocalContainerEntityManagerFactoryBean.afterPropertiesSet(LocalContainerEntityManagerFactoryBean.java:341) ~[spring-orm-5.1.5.RELEASE.jar:5.1.5.RELEASE]
	at org.springframework.beans.factory.support.AbstractAutowireCapableBeanFactory.invokeInitMethods(AbstractAutowireCapableBeanFactory.java:1821) ~[spring-beans-5.1.5.RELEASE.jar:5.1.5.RELEASE]
	at org.springframework.beans.factory.support.AbstractAutowireCapableBeanFactory.initializeBean(AbstractAutowireCapableBeanFactory.java:1758) ~[spring-beans-5.1.5.RELEASE.jar:5.1.5.RELEASE]
	... 16 common frames omitted
Caused by: org.hibernate.HibernateException: Access to DialectResolutionInfo cannot be null when 'hibernate.dialect' not set
	at org.hibernate.engine.jdbc.dialect.internal.DialectFactoryImpl.determineDialect(DialectFactoryImpl.java:100) ~[hibernate-core-5.3.7.Final.jar:5.3.7.Final]
	at org.hibernate.engine.jdbc.dialect.internal.DialectFactoryImpl.buildDialect(DialectFactoryImpl.java:54) ~[hibernate-core-5.3.7.Final.jar:5.3.7.Final]
	at org.hibernate.engine.jdbc.env.internal.JdbcEnvironmentInitiator.initiateService(JdbcEnvironmentInitiator.java:137) ~[hibernate-core-5.3.7.Final.jar:5.3.7.Final]
	at org.hibernate.engine.jdbc.env.internal.JdbcEnvironmentInitiator.initiateService(JdbcEnvironmentInitiator.java:35) ~[hibernate-core-5.3.7.Final.jar:5.3.7.Final]
	at org.hibernate.boot.registry.internal.StandardServiceRegistryImpl.initiateService(StandardServiceRegistryImpl.java:94) ~[hibernate-core-5.3.7.Final.jar:5.3.7.Final]
	at org.hibernate.service.internal.AbstractServiceRegistryImpl.createService(AbstractServiceRegistryImpl.java:263) ~[hibernate-core-5.3.7.Final.jar:5.3.7.Final]
	... 33 common frames omitted

2019-03-17 22:30:22.180  INFO 13120 --- [main] com.uniovi.SdiEntrega1702709Application  : Starting SdiEntrega1702709Application on LAPTOP-T62318DD with PID 13120 (C:\Users\woest\git\sdi-entrega1-702-709\target\classes started by woest in C:\Users\woest\git\sdi-entrega1-702-709)
2019-03-17 22:30:22.190  INFO 13120 --- [main] com.uniovi.SdiEntrega1702709Application  : No active profile set, falling back to default profiles: default
2019-03-17 22:30:25.680  INFO 13120 --- [main] .s.d.r.c.RepositoryConfigurationDelegate : Bootstrapping Spring Data repositories in DEFAULT mode.
2019-03-17 22:30:26.002  INFO 13120 --- [main] .s.d.r.c.RepositoryConfigurationDelegate : Finished Spring Data repository scanning in 251ms. Found 4 repository interfaces.
2019-03-17 22:30:27.674  INFO 13120 --- [main] trationDelegate$BeanPostProcessorChecker : Bean 'org.springframework.transaction.annotation.ProxyTransactionManagementConfiguration' of type [org.springframework.transaction.annotation.ProxyTransactionManagementConfiguration$$EnhancerBySpringCGLIB$$c2c9a0a9] is not eligible for getting processed by all BeanPostProcessors (for example: not eligible for auto-proxying)
2019-03-17 22:30:29.465  INFO 13120 --- [main] o.s.b.w.embedded.tomcat.TomcatWebServer  : Tomcat initialized with port(s): 8080 (http)
2019-03-17 22:30:29.586  INFO 13120 --- [main] o.apache.catalina.core.StandardService   : Starting service [Tomcat]
2019-03-17 22:30:29.587  INFO 13120 --- [main] org.apache.catalina.core.StandardEngine  : Starting Servlet engine: [Apache Tomcat/9.0.16]
2019-03-17 22:30:29.645  INFO 13120 --- [main] o.a.catalina.core.AprLifecycleListener   : The APR based Apache Tomcat Native library which allows optimal performance in production environments was not found on the java.library.path: [C:\Program Files\Java\jre1.8.0_144\bin;C:\WINDOWS\Sun\Java\bin;C:\WINDOWS\system32;C:\WINDOWS;C:/Program Files/Java/jre1.8.0_144/bin/server;C:/Program Files/Java/jre1.8.0_144/bin;C:/Program Files/Java/jre1.8.0_144/lib/amd64;C:\ProgramData\Oracle\Java\javapath;C:\WINDOWS\system32;C:\WINDOWS;C:\WINDOWS\System32\Wbem;C:\WINDOWS\System32\WindowsPowerShell\v1.0\;C:\Program Files (x86)\Common Files\lenovo\easyplussdk\bin;C:\Program Files\PuTTY\;C:\Program Files\dotnet\;C:\WINDOWS\System32\OpenSSH\;C:\Program Files\Microsoft SQL Server\130\Tools\Binn\;C:\Program Files (x86)\Bitvise SSH Client;C:\Program Files\Git\cmd;C:\Program Files\nodejs\;c:\jruby-9.2.6.0\bin;C:\Users\woest\AppData\Local\Microsoft\WindowsApps;C:\Program Files (x86)\Java\jdk1.8.0_121\bin;C:\Users\woest\AppData\Roaming\npm;C:\WINDOWS\system32;;.]
2019-03-17 22:30:30.358  INFO 13120 --- [main] o.a.c.c.C.[Tomcat].[localhost].[/]       : Initializing Spring embedded WebApplicationContext
2019-03-17 22:30:31.014  INFO 13120 --- [main] com.zaxxer.hikari.HikariDataSource       : HikariPool-1 - Starting...
2019-03-17 22:30:31.019  WARN 13120 --- [main] com.zaxxer.hikari.util.DriverDataSource  : Registered driver with driverClassName=org.hsqldb.jdbcDriver was not found, trying direct instantiation.
2019-03-17 22:30:31.449  INFO 13120 --- [main] com.zaxxer.hikari.pool.PoolBase          : HikariPool-1 - Driver does not support get/set network timeout for connections. (característica no soportada)
2019-03-17 22:30:31.474  INFO 13120 --- [main] com.zaxxer.hikari.HikariDataSource       : HikariPool-1 - Start completed.
2019-03-17 22:30:34.770  INFO 13120 --- [main] j.LocalContainerEntityManagerFactoryBean : Initialized JPA EntityManagerFactory for persistence unit 'default'
2019-03-17 22:30:42.153  INFO 13120 --- [main] o.s.s.web.DefaultSecurityFilterChain     : Creating filter chain: any request, [org.springframework.security.web.context.request.async.WebAsyncManagerIntegrationFilter@2ffa91dc, org.springframework.security.web.context.SecurityContextPersistenceFilter@44de8e00, org.springframework.security.web.header.HeaderWriterFilter@286a4c52, org.springframework.security.web.authentication.logout.LogoutFilter@77d0dbba, org.springframework.security.web.authentication.UsernamePasswordAuthenticationFilter@3fd33f48, org.springframework.security.web.savedrequest.RequestCacheAwareFilter@4d825dbe, org.springframework.security.web.servletapi.SecurityContextHolderAwareRequestFilter@144e36ae, org.springframework.security.web.authentication.AnonymousAuthenticationFilter@78d6c244, org.springframework.security.web.session.SessionManagementFilter@780129bc, org.springframework.security.web.access.ExceptionTranslationFilter@5d96d434, org.springframework.security.web.access.intercept.FilterSecurityInterceptor@1a43a88e]
2019-03-17 22:30:42.909  INFO 13120 --- [main] o.s.s.concurrent.ThreadPoolTaskExecutor  : Initializing ExecutorService 'applicationTaskExecutor'
2019-03-17 22:30:43.107  WARN 13120 --- [main] aWebConfiguration$JpaWebMvcConfiguration : spring.jpa.open-in-view is enabled by default. Therefore, database queries may be performed during view rendering. Explicitly configure spring.jpa.open-in-view to disable this warning
2019-03-17 22:30:43.597  WARN 13120 --- [main] org.thymeleaf.templatemode.TemplateMode  : [THYMELEAF][main] Template Mode 'LEGACYHTML5' is deprecated. Using Template Mode 'HTML' instead.
2019-03-17 22:30:43.811  INFO 13120 --- [main] o.s.b.a.w.s.WelcomePageHandlerMapping    : Adding welcome page template: index
2019-03-17 22:30:44.646  INFO 13120 --- [main] o.s.b.w.embedded.tomcat.TomcatWebServer  : Tomcat started on port(s): 8080 (http) with context path ''
2019-03-17 22:30:44.662  INFO 13120 --- [main] com.uniovi.SdiEntrega1702709Application  : Started SdiEntrega1702709Application in 24.1 seconds (JVM running for 26.325)
2019-03-17 22:31:01.992  INFO 13120 --- [http-nio-8080-exec-1] o.a.c.c.C.[Tomcat].[localhost].[/]       : Initializing Spring DispatcherServlet 'dispatcherServlet'
2019-03-17 22:31:12.239  INFO 13120 --- [http-nio-8080-exec-3] com.uniovi.controllers.UsersController   : cruzadaeterna@gmail.com accede a Home.
